{
  "RSpec": {
    "coverage": {
      "/Users/Ed/Projects/ruby-rock-paper-scissors/app/models/computer.rb": [
        1,
        null,
        1,
        null,
        1,
        2,
        null,
        null,
        1,
        1,
        1,
        null,
        null,
        null
      ],
      "/Users/Ed/Projects/ruby-rock-paper-scissors/app/models/game.rb": [
        1,
        null,
        1,
        null,
        1,
        null,
        null,
        null,
        1,
        8,
        null,
        null,
        1,
        16,
        null,
        null,
        1,
        3,
        null,
        null,
        1,
        2,
        null,
        null,
        1,
        2,
        1,
        null,
        null,
        null
      ],
      "/Users/Ed/Projects/ruby-rock-paper-scissors/app/models/player.rb": [
        1,
        null,
        1,
        null,
        1,
        6,
        6,
        6,
        null,
        null,
        1,
        2,
        2,
        null,
        null,
        1,
        3,
        null,
        null,
        1,
        1,
        1,
        null,
        null,
        null
      ]
    },
    "timestamp": 1424214672
  }
}
